<?xml version="1.0" encoding="UTF-8"?>
<!-- Generated by org.testng.reporters.JUnitXMLReporter -->
<testsuite ignored="0" hostname="LAPTOP-GQLOSOI2" failures="0" tests="12" name="Default test" time="20.881" errors="0" timestamp="2023-08-04T15:14:37 IST">
  <testcase classname="api.testcases.TestUsersDD2" name="postusers" time="3.089"/>
  <testcase classname="api.testcases.TestUsersDD2" name="postusers" time="1.552"/>
  <testcase classname="api.testcases.TestUsersDD2" name="postusers" time="1.528"/>
  <testcase classname="api.testcases.TestUsersDD2" name="Getusers" time="1.533"/>
  <testcase classname="api.testcases.TestUsersDD2" name="Getusers" time="1.535"/>
  <testcase classname="api.testcases.TestUsersDD2" name="Getusers" time="1.532"/>
  <testcase classname="api.testcases.TestUsersDD2" name="Putusers" time="1.517"/>
  <testcase classname="api.testcases.TestUsersDD2" name="Putusers" time="1.537"/>
  <testcase classname="api.testcases.TestUsersDD2" name="Putusers" time="1.425"/>
  <testcase classname="api.testcases.TestUsersDD2" name="Deleteusers" time="1.421"/>
  <testcase classname="api.testcases.TestUsersDD2" name="Deleteusers" time="1.539"/>
  <testcase classname="api.testcases.TestUsersDD2" name="Deleteusers" time="1.422"/>
</testsuite> <!-- Default test -->
