<?xml version="1.0" encoding="UTF-8"?>
<!-- Generated by org.testng.reporters.JUnitXMLReporter -->
<testsuite ignored="0" hostname="LAPTOP-GQLOSOI2" failures="0" tests="12" name="Test" time="20.445" errors="0" timestamp="2023-08-04T12:21:15 IST">
  <testcase classname="api.testcases.TestUsersDD" name="postusers" time="2.96"/>
  <testcase classname="api.testcases.TestUsersDD" name="postusers" time="1.565"/>
  <testcase classname="api.testcases.TestUsersDD" name="postusers" time="1.532"/>
  <testcase classname="api.testcases.TestUsersDD" name="Getusers" time="1.495"/>
  <testcase classname="api.testcases.TestUsersDD" name="Getusers" time="1.402"/>
  <testcase classname="api.testcases.TestUsersDD" name="Getusers" time="1.533"/>
  <testcase classname="api.testcases.TestUsersDD" name="Putusers" time="1.355"/>
  <testcase classname="api.testcases.TestUsersDD" name="Putusers" time="1.532"/>
  <testcase classname="api.testcases.TestUsersDD" name="Putusers" time="1.398"/>
  <testcase classname="api.testcases.TestUsersDD" name="Deleteusers" time="1.505"/>
  <testcase classname="api.testcases.TestUsersDD" name="Deleteusers" time="1.533"/>
  <testcase classname="api.testcases.TestUsersDD" name="Deleteusers" time="1.537"/>
</testsuite> <!-- Test -->
