<?xml version="1.0" encoding="UTF-8"?>
<!-- Generated by org.testng.reporters.JUnitXMLReporter -->
<testsuite ignored="0" hostname="LAPTOP-GQLOSOI2" failures="0" tests="12" name="Test" time="16.432" errors="0" timestamp="2023-08-04T16:22:23 IST">
  <testcase classname="api.testcases.TestUsersDD" name="postusers" time="2.668"/>
  <testcase classname="api.testcases.TestUsersDD" name="postusers" time="1.147"/>
  <testcase classname="api.testcases.TestUsersDD" name="postusers" time="1.151"/>
  <testcase classname="api.testcases.TestUsersDD" name="Getusers" time="1.129"/>
  <testcase classname="api.testcases.TestUsersDD" name="Getusers" time="1.1"/>
  <testcase classname="api.testcases.TestUsersDD" name="Getusers" time="1.196"/>
  <testcase classname="api.testcases.TestUsersDD" name="Putusers" time="1.085"/>
  <testcase classname="api.testcases.TestUsersDD" name="Putusers" time="1.136"/>
  <testcase classname="api.testcases.TestUsersDD" name="Putusers" time="1.171"/>
  <testcase classname="api.testcases.TestUsersDD" name="Deleteusers" time="1.164"/>
  <testcase classname="api.testcases.TestUsersDD" name="Deleteusers" time="1.119"/>
  <testcase classname="api.testcases.TestUsersDD" name="Deleteusers" time="1.163"/>
</testsuite> <!-- Test -->
