<?xml version="1.0" encoding="UTF-8"?>
<testng-results ignored="0" total="12" passed="12" failed="0" skipped="0">
  <reporter-output>
  </reporter-output>
  <suite started-at="2023-08-04T16:22:06 IST" name="Suite" finished-at="2023-08-04T16:22:23 IST" duration-ms="16432">
    <groups>
    </groups>
    <test started-at="2023-08-04T16:22:06 IST" name="Test" finished-at="2023-08-04T16:22:23 IST" duration-ms="16432">
      <class name="api.testcases.TestUsersDD">
        <test-method signature="postusers([Ljava.lang.String;)[pri:1, instance:api.testcases.TestUsersDD@71238fc2]" started-at="2023-08-04T16:22:07 IST" name="postusers" data-provider="data" finished-at="2023-08-04T16:22:10 IST" duration-ms="2668" status="PASS">
          <params>
            <param index="0">
              <value>
                <![CDATA[[Ljava.lang.String;@1be8c122]]>
              </value>
            </param>
          </params>
          <reporter-output>
          </reporter-output>
        </test-method> <!-- postusers -->
        <test-method signature="postusers([Ljava.lang.String;)[pri:1, instance:api.testcases.TestUsersDD@71238fc2]" started-at="2023-08-04T16:22:10 IST" name="postusers" data-provider="data" finished-at="2023-08-04T16:22:11 IST" duration-ms="1147" status="PASS">
          <params>
            <param index="0">
              <value>
                <![CDATA[[Ljava.lang.String;@3dfe59d7]]>
              </value>
            </param>
          </params>
          <reporter-output>
          </reporter-output>
        </test-method> <!-- postusers -->
        <test-method signature="postusers([Ljava.lang.String;)[pri:1, instance:api.testcases.TestUsersDD@71238fc2]" started-at="2023-08-04T16:22:11 IST" name="postusers" data-provider="data" finished-at="2023-08-04T16:22:12 IST" duration-ms="1151" status="PASS">
          <params>
            <param index="0">
              <value>
                <![CDATA[[Ljava.lang.String;@2905b568]]>
              </value>
            </param>
          </params>
          <reporter-output>
          </reporter-output>
        </test-method> <!-- postusers -->
        <test-method signature="Getusers(java.lang.String)[pri:2, instance:api.testcases.TestUsersDD@71238fc2]" started-at="2023-08-04T16:22:12 IST" name="Getusers" data-provider="username" finished-at="2023-08-04T16:22:13 IST" duration-ms="1129" status="PASS">
          <params>
            <param index="0">
              <value>
                <![CDATA[Triotend1]]>
              </value>
            </param>
          </params>
          <reporter-output>
          </reporter-output>
        </test-method> <!-- Getusers -->
        <test-method signature="Getusers(java.lang.String)[pri:2, instance:api.testcases.TestUsersDD@71238fc2]" started-at="2023-08-04T16:22:13 IST" name="Getusers" data-provider="username" finished-at="2023-08-04T16:22:14 IST" duration-ms="1100" status="PASS">
          <params>
            <param index="0">
              <value>
                <![CDATA[Triotend2]]>
              </value>
            </param>
          </params>
          <reporter-output>
          </reporter-output>
        </test-method> <!-- Getusers -->
        <test-method signature="Getusers(java.lang.String)[pri:2, instance:api.testcases.TestUsersDD@71238fc2]" started-at="2023-08-04T16:22:14 IST" name="Getusers" data-provider="username" finished-at="2023-08-04T16:22:16 IST" duration-ms="1196" status="PASS">
          <params>
            <param index="0">
              <value>
                <![CDATA[Triotend3]]>
              </value>
            </param>
          </params>
          <reporter-output>
          </reporter-output>
        </test-method> <!-- Getusers -->
        <test-method signature="Putusers(java.lang.String)[pri:3, instance:api.testcases.TestUsersDD@71238fc2]" started-at="2023-08-04T16:22:16 IST" name="Putusers" data-provider="username" finished-at="2023-08-04T16:22:17 IST" duration-ms="1085" status="PASS">
          <params>
            <param index="0">
              <value>
                <![CDATA[Triotend1]]>
              </value>
            </param>
          </params>
          <reporter-output>
          </reporter-output>
        </test-method> <!-- Putusers -->
        <test-method signature="Putusers(java.lang.String)[pri:3, instance:api.testcases.TestUsersDD@71238fc2]" started-at="2023-08-04T16:22:17 IST" name="Putusers" data-provider="username" finished-at="2023-08-04T16:22:18 IST" duration-ms="1136" status="PASS">
          <params>
            <param index="0">
              <value>
                <![CDATA[Triotend2]]>
              </value>
            </param>
          </params>
          <reporter-output>
          </reporter-output>
        </test-method> <!-- Putusers -->
        <test-method signature="Putusers(java.lang.String)[pri:3, instance:api.testcases.TestUsersDD@71238fc2]" started-at="2023-08-04T16:22:18 IST" name="Putusers" data-provider="username" finished-at="2023-08-04T16:22:19 IST" duration-ms="1171" status="PASS">
          <params>
            <param index="0">
              <value>
                <![CDATA[Triotend3]]>
              </value>
            </param>
          </params>
          <reporter-output>
          </reporter-output>
        </test-method> <!-- Putusers -->
        <test-method signature="Deleteusers(java.lang.String)[pri:4, instance:api.testcases.TestUsersDD@71238fc2]" started-at="2023-08-04T16:22:19 IST" name="Deleteusers" data-provider="username" finished-at="2023-08-04T16:22:20 IST" duration-ms="1164" status="PASS">
          <params>
            <param index="0">
              <value>
                <![CDATA[Triotend1]]>
              </value>
            </param>
          </params>
          <reporter-output>
          </reporter-output>
        </test-method> <!-- Deleteusers -->
        <test-method signature="Deleteusers(java.lang.String)[pri:4, instance:api.testcases.TestUsersDD@71238fc2]" started-at="2023-08-04T16:22:20 IST" name="Deleteusers" data-provider="username" finished-at="2023-08-04T16:22:21 IST" duration-ms="1119" status="PASS">
          <params>
            <param index="0">
              <value>
                <![CDATA[Triotend2]]>
              </value>
            </param>
          </params>
          <reporter-output>
          </reporter-output>
        </test-method> <!-- Deleteusers -->
        <test-method signature="Deleteusers(java.lang.String)[pri:4, instance:api.testcases.TestUsersDD@71238fc2]" started-at="2023-08-04T16:22:21 IST" name="Deleteusers" data-provider="username" finished-at="2023-08-04T16:22:23 IST" duration-ms="1163" status="PASS">
          <params>
            <param index="0">
              <value>
                <![CDATA[Triotend3]]>
              </value>
            </param>
          </params>
          <reporter-output>
          </reporter-output>
        </test-method> <!-- Deleteusers -->
      </class> <!-- api.testcases.TestUsersDD -->
    </test> <!-- Test -->
  </suite> <!-- Suite -->
</testng-results>
