<?xml version="1.0" encoding="UTF-8"?>
<testng-results ignored="0" total="12" passed="12" failed="0" skipped="0">
  <reporter-output>
  </reporter-output>
  <suite started-at="2023-08-04T15:14:16 IST" name="Default suite" finished-at="2023-08-04T15:14:37 IST" duration-ms="20881">
    <groups>
    </groups>
    <test started-at="2023-08-04T15:14:16 IST" name="Default test" finished-at="2023-08-04T15:14:37 IST" duration-ms="20881">
      <class name="api.testcases.TestUsersDD2">
        <test-method signature="postusers([Ljava.lang.String;)[pri:1, instance:api.testcases.TestUsersDD2@4310d43]" started-at="2023-08-04T15:14:17 IST" name="postusers" data-provider="data" finished-at="2023-08-04T15:14:20 IST" duration-ms="3089" status="PASS">
          <params>
            <param index="0">
              <value>
                <![CDATA[[Ljava.lang.String;@6c5747db]]>
              </value>
            </param>
          </params>
          <reporter-output>
          </reporter-output>
        </test-method> <!-- postusers -->
        <test-method signature="postusers([Ljava.lang.String;)[pri:1, instance:api.testcases.TestUsersDD2@4310d43]" started-at="2023-08-04T15:14:20 IST" name="postusers" data-provider="data" finished-at="2023-08-04T15:14:21 IST" duration-ms="1552" status="PASS">
          <params>
            <param index="0">
              <value>
                <![CDATA[[Ljava.lang.String;@750cd36d]]>
              </value>
            </param>
          </params>
          <reporter-output>
          </reporter-output>
        </test-method> <!-- postusers -->
        <test-method signature="postusers([Ljava.lang.String;)[pri:1, instance:api.testcases.TestUsersDD2@4310d43]" started-at="2023-08-04T15:14:21 IST" name="postusers" data-provider="data" finished-at="2023-08-04T15:14:23 IST" duration-ms="1528" status="PASS">
          <params>
            <param index="0">
              <value>
                <![CDATA[[Ljava.lang.String;@2c8ff67]]>
              </value>
            </param>
          </params>
          <reporter-output>
          </reporter-output>
        </test-method> <!-- postusers -->
        <test-method signature="Getusers(java.lang.String)[pri:2, instance:api.testcases.TestUsersDD2@4310d43]" started-at="2023-08-04T15:14:23 IST" name="Getusers" data-provider="username" finished-at="2023-08-04T15:14:25 IST" duration-ms="1533" status="PASS">
          <params>
            <param index="0">
              <value>
                <![CDATA[Triotend1]]>
              </value>
            </param>
          </params>
          <reporter-output>
          </reporter-output>
        </test-method> <!-- Getusers -->
        <test-method signature="Getusers(java.lang.String)[pri:2, instance:api.testcases.TestUsersDD2@4310d43]" started-at="2023-08-04T15:14:25 IST" name="Getusers" data-provider="username" finished-at="2023-08-04T15:14:26 IST" duration-ms="1535" status="PASS">
          <params>
            <param index="0">
              <value>
                <![CDATA[Triotend2]]>
              </value>
            </param>
          </params>
          <reporter-output>
          </reporter-output>
        </test-method> <!-- Getusers -->
        <test-method signature="Getusers(java.lang.String)[pri:2, instance:api.testcases.TestUsersDD2@4310d43]" started-at="2023-08-04T15:14:26 IST" name="Getusers" data-provider="username" finished-at="2023-08-04T15:14:28 IST" duration-ms="1532" status="PASS">
          <params>
            <param index="0">
              <value>
                <![CDATA[Triotend3]]>
              </value>
            </param>
          </params>
          <reporter-output>
          </reporter-output>
        </test-method> <!-- Getusers -->
        <test-method signature="Putusers(java.lang.String)[pri:3, instance:api.testcases.TestUsersDD2@4310d43]" started-at="2023-08-04T15:14:28 IST" name="Putusers" data-provider="username" finished-at="2023-08-04T15:14:29 IST" duration-ms="1517" status="PASS">
          <params>
            <param index="0">
              <value>
                <![CDATA[Triotend1]]>
              </value>
            </param>
          </params>
          <reporter-output>
          </reporter-output>
        </test-method> <!-- Putusers -->
        <test-method signature="Putusers(java.lang.String)[pri:3, instance:api.testcases.TestUsersDD2@4310d43]" started-at="2023-08-04T15:14:29 IST" name="Putusers" data-provider="username" finished-at="2023-08-04T15:14:31 IST" duration-ms="1537" status="PASS">
          <params>
            <param index="0">
              <value>
                <![CDATA[Triotend2]]>
              </value>
            </param>
          </params>
          <reporter-output>
          </reporter-output>
        </test-method> <!-- Putusers -->
        <test-method signature="Putusers(java.lang.String)[pri:3, instance:api.testcases.TestUsersDD2@4310d43]" started-at="2023-08-04T15:14:31 IST" name="Putusers" data-provider="username" finished-at="2023-08-04T15:14:32 IST" duration-ms="1425" status="PASS">
          <params>
            <param index="0">
              <value>
                <![CDATA[Triotend3]]>
              </value>
            </param>
          </params>
          <reporter-output>
          </reporter-output>
        </test-method> <!-- Putusers -->
        <test-method signature="Deleteusers(java.lang.String)[pri:4, instance:api.testcases.TestUsersDD2@4310d43]" started-at="2023-08-04T15:14:32 IST" name="Deleteusers" data-provider="username" finished-at="2023-08-04T15:14:34 IST" duration-ms="1421" status="PASS">
          <params>
            <param index="0">
              <value>
                <![CDATA[Triotend1]]>
              </value>
            </param>
          </params>
          <reporter-output>
          </reporter-output>
        </test-method> <!-- Deleteusers -->
        <test-method signature="Deleteusers(java.lang.String)[pri:4, instance:api.testcases.TestUsersDD2@4310d43]" started-at="2023-08-04T15:14:34 IST" name="Deleteusers" data-provider="username" finished-at="2023-08-04T15:14:35 IST" duration-ms="1539" status="PASS">
          <params>
            <param index="0">
              <value>
                <![CDATA[Triotend2]]>
              </value>
            </param>
          </params>
          <reporter-output>
          </reporter-output>
        </test-method> <!-- Deleteusers -->
        <test-method signature="Deleteusers(java.lang.String)[pri:4, instance:api.testcases.TestUsersDD2@4310d43]" started-at="2023-08-04T15:14:35 IST" name="Deleteusers" data-provider="username" finished-at="2023-08-04T15:14:37 IST" duration-ms="1422" status="PASS">
          <params>
            <param index="0">
              <value>
                <![CDATA[Triotend3]]>
              </value>
            </param>
          </params>
          <reporter-output>
          </reporter-output>
        </test-method> <!-- Deleteusers -->
      </class> <!-- api.testcases.TestUsersDD2 -->
    </test> <!-- Default test -->
  </suite> <!-- Default suite -->
</testng-results>
